Determining if the CL_VERSION_2_2 exist failed with the following output:
Change Dir: /Users/notesdepth/Documents/Programmes/Projets/C/Particules System/cmake-build-debug/CMakeFiles/CMakeTmp

Run Build Command(s):/usr/bin/make cmTC_88b80/fast && /Library/Developer/CommandLineTools/usr/bin/make -f CMakeFiles/cmTC_88b80.dir/build.make CMakeFiles/cmTC_88b80.dir/build
Building C object CMakeFiles/cmTC_88b80.dir/CheckSymbolExists.c.o
/Library/Developer/CommandLineTools/usr/bin/cc  -F/Library/Developer/CommandLineTools/SDKs/MacOSX10.14.sdk/System/Library/Frameworks  -isysroot /Library/Developer/CommandLineTools/SDKs/MacOSX10.14.sdk   -o CMakeFiles/cmTC_88b80.dir/CheckSymbolExists.c.o   -c "/Users/notesdepth/Documents/Programmes/Projets/C/Particules System/cmake-build-debug/CMakeFiles/CMakeTmp/CheckSymbolExists.c"
/Users/notesdepth/Documents/Programmes/Projets/C/Particules System/cmake-build-debug/CMakeFiles/CMakeTmp/CheckSymbolExists.c:8:19: error: use of undeclared identifier 'CL_VERSION_2_2'
  return ((int*)(&CL_VERSION_2_2))[argc];
                  ^
1 error generated.
make[1]: *** [CMakeFiles/cmTC_88b80.dir/CheckSymbolExists.c.o] Error 1
make: *** [cmTC_88b80/fast] Error 2


File /Users/notesdepth/Documents/Programmes/Projets/C/Particules System/cmake-build-debug/CMakeFiles/CMakeTmp/CheckSymbolExists.c:
/* */
#include </Library/Developer/CommandLineTools/SDKs/MacOSX10.14.sdk/System/Library/Frameworks/OpenCL.framework/Headers/cl.h>

int main(int argc, char** argv)
{
  (void)argv;
#ifndef CL_VERSION_2_2
  return ((int*)(&CL_VERSION_2_2))[argc];
#else
  (void)argc;
  return 0;
#endif
}

Determining if the CL_VERSION_2_1 exist failed with the following output:
Change Dir: /Users/notesdepth/Documents/Programmes/Projets/C/Particules System/cmake-build-debug/CMakeFiles/CMakeTmp

Run Build Command(s):/usr/bin/make cmTC_06130/fast && /Library/Developer/CommandLineTools/usr/bin/make -f CMakeFiles/cmTC_06130.dir/build.make CMakeFiles/cmTC_06130.dir/build
Building C object CMakeFiles/cmTC_06130.dir/CheckSymbolExists.c.o
/Library/Developer/CommandLineTools/usr/bin/cc  -F/Library/Developer/CommandLineTools/SDKs/MacOSX10.14.sdk/System/Library/Frameworks  -isysroot /Library/Developer/CommandLineTools/SDKs/MacOSX10.14.sdk   -o CMakeFiles/cmTC_06130.dir/CheckSymbolExists.c.o   -c "/Users/notesdepth/Documents/Programmes/Projets/C/Particules System/cmake-build-debug/CMakeFiles/CMakeTmp/CheckSymbolExists.c"
/Users/notesdepth/Documents/Programmes/Projets/C/Particules System/cmake-build-debug/CMakeFiles/CMakeTmp/CheckSymbolExists.c:8:19: error: use of undeclared identifier 'CL_VERSION_2_1'
  return ((int*)(&CL_VERSION_2_1))[argc];
                  ^
1 error generated.
make[1]: *** [CMakeFiles/cmTC_06130.dir/CheckSymbolExists.c.o] Error 1
make: *** [cmTC_06130/fast] Error 2


File /Users/notesdepth/Documents/Programmes/Projets/C/Particules System/cmake-build-debug/CMakeFiles/CMakeTmp/CheckSymbolExists.c:
/* */
#include </Library/Developer/CommandLineTools/SDKs/MacOSX10.14.sdk/System/Library/Frameworks/OpenCL.framework/Headers/cl.h>

int main(int argc, char** argv)
{
  (void)argv;
#ifndef CL_VERSION_2_1
  return ((int*)(&CL_VERSION_2_1))[argc];
#else
  (void)argc;
  return 0;
#endif
}

Determining if the CL_VERSION_2_0 exist failed with the following output:
Change Dir: /Users/notesdepth/Documents/Programmes/Projets/C/Particules System/cmake-build-debug/CMakeFiles/CMakeTmp

Run Build Command(s):/usr/bin/make cmTC_7b0a6/fast && /Library/Developer/CommandLineTools/usr/bin/make -f CMakeFiles/cmTC_7b0a6.dir/build.make CMakeFiles/cmTC_7b0a6.dir/build
Building C object CMakeFiles/cmTC_7b0a6.dir/CheckSymbolExists.c.o
/Library/Developer/CommandLineTools/usr/bin/cc  -F/Library/Developer/CommandLineTools/SDKs/MacOSX10.14.sdk/System/Library/Frameworks  -isysroot /Library/Developer/CommandLineTools/SDKs/MacOSX10.14.sdk   -o CMakeFiles/cmTC_7b0a6.dir/CheckSymbolExists.c.o   -c "/Users/notesdepth/Documents/Programmes/Projets/C/Particules System/cmake-build-debug/CMakeFiles/CMakeTmp/CheckSymbolExists.c"
/Users/notesdepth/Documents/Programmes/Projets/C/Particules System/cmake-build-debug/CMakeFiles/CMakeTmp/CheckSymbolExists.c:8:19: error: use of undeclared identifier 'CL_VERSION_2_0'
  return ((int*)(&CL_VERSION_2_0))[argc];
                  ^
1 error generated.
make[1]: *** [CMakeFiles/cmTC_7b0a6.dir/CheckSymbolExists.c.o] Error 1
make: *** [cmTC_7b0a6/fast] Error 2


File /Users/notesdepth/Documents/Programmes/Projets/C/Particules System/cmake-build-debug/CMakeFiles/CMakeTmp/CheckSymbolExists.c:
/* */
#include </Library/Developer/CommandLineTools/SDKs/MacOSX10.14.sdk/System/Library/Frameworks/OpenCL.framework/Headers/cl.h>

int main(int argc, char** argv)
{
  (void)argv;
#ifndef CL_VERSION_2_0
  return ((int*)(&CL_VERSION_2_0))[argc];
#else
  (void)argc;
  return 0;
#endif
}

